c:\users\mayada\downloads\designpattern\debug\dp.pch
c:\users\mayada\downloads\designpattern\debug\vc140.pdb
c:\users\mayada\downloads\designpattern\debug\vc140.idb
c:\users\mayada\downloads\designpattern\debug\stdafx.obj
c:\users\mayada\downloads\designpattern\debug\adapter.obj
c:\users\mayada\downloads\designpattern\debug\bridge.obj
c:\users\mayada\downloads\designpattern\debug\builder.obj
c:\users\mayada\downloads\designpattern\debug\chainofresponsibility.obj
c:\users\mayada\downloads\designpattern\debug\command.obj
c:\users\mayada\downloads\designpattern\debug\composit.obj
c:\users\mayada\downloads\designpattern\debug\decorator.obj
c:\users\mayada\downloads\designpattern\debug\designpattern.obj
c:\users\mayada\downloads\designpattern\debug\facade.obj
c:\users\mayada\downloads\designpattern\debug\factory.obj
c:\users\mayada\downloads\designpattern\debug\filter.obj
c:\users\mayada\downloads\designpattern\debug\flyweight.obj
c:\users\mayada\downloads\designpattern\debug\interpretor.obj
c:\users\mayada\downloads\designpattern\debug\objectpool.obj
c:\users\mayada\downloads\designpattern\debug\prototype.obj
c:\users\mayada\downloads\designpattern\debug\proxy.obj
c:\users\mayada\downloads\designpattern\debug\singleton.obj
c:\users\mayada\documents\visual studio 2015\projects\csharptest\debug\dp.ilk
c:\users\mayada\documents\visual studio 2015\projects\csharptest\debug\dp.exe
c:\users\mayada\documents\visual studio 2015\projects\csharptest\debug\dp.pdb
c:\users\mayada\downloads\designpattern\debug\dp.tlog\cl.command.1.tlog
c:\users\mayada\downloads\designpattern\debug\dp.tlog\cl.read.1.tlog
c:\users\mayada\downloads\designpattern\debug\dp.tlog\cl.write.1.tlog
c:\users\mayada\downloads\designpattern\debug\dp.tlog\link.command.1.tlog
c:\users\mayada\downloads\designpattern\debug\dp.tlog\link.read.1.tlog
c:\users\mayada\downloads\designpattern\debug\dp.tlog\link.write.1.tlog
